c:\users\ul882\desktop\끄적끄적\어드벤처디자인\proj\lev1\project1\x64\debug\vc143.pdb
c:\users\ul882\desktop\끄적끄적\어드벤처디자인\proj\lev1\project1\x64\debug\vc143.idb
c:\users\ul882\desktop\끄적끄적\어드벤처디자인\proj\lev1\project1\x64\debug\userinterface.obj
c:\users\ul882\desktop\끄적끄적\어드벤처디자인\proj\lev1\project1\x64\debug\main.obj
c:\users\ul882\desktop\끄적끄적\어드벤처디자인\proj\lev1\project1\x64\debug\image.obj
c:\users\ul882\desktop\끄적끄적\어드벤처디자인\proj\lev1\project1\x64\debug\project1.exe
c:\users\ul882\desktop\끄적끄적\어드벤처디자인\proj\lev1\project1\x64\debug\project1.ilk
c:\users\ul882\desktop\끄적끄적\어드벤처디자인\proj\lev1\project1\x64\debug\project1.pdb
c:\users\ul882\documents\github\ppm_inversion\ppm_inversion_proj\x64\debug\image.obj
c:\users\ul882\documents\github\ppm_inversion\ppm_inversion_proj\x64\debug\main.obj
c:\users\ul882\documents\github\ppm_inversion\ppm_inversion_proj\x64\debug\userinterface.obj
c:\users\ul882\documents\github\ppm_inversion\ppm_inversion_proj\x64\debug\project1.ilk
c:\users\ul882\documents\github\ppm_inversion\ppm_inversion_proj\x64\debug\vc143.idb
c:\users\ul882\documents\github\ppm_inversion\ppm_inversion_proj\x64\debug\project1.pdb
c:\users\ul882\documents\github\ppm_inversion\ppm_inversion_proj\x64\debug\vc143.pdb
c:\users\ul882\documents\github\ppm_inversion\ppm_inversion_proj\x64\debug\project1.exe
c:\users\ul882\documents\github\ppm_inversion\ppm_inversion_proj\x64\debug\project1.tlog\cl.command.1.tlog
c:\users\ul882\documents\github\ppm_inversion\ppm_inversion_proj\x64\debug\project1.tlog\cl.items.tlog
c:\users\ul882\documents\github\ppm_inversion\ppm_inversion_proj\x64\debug\project1.tlog\cl.read.1.tlog
c:\users\ul882\documents\github\ppm_inversion\ppm_inversion_proj\x64\debug\project1.tlog\cl.write.1.tlog
c:\users\ul882\documents\github\ppm_inversion\ppm_inversion_proj\x64\debug\project1.tlog\link.command.1.tlog
c:\users\ul882\documents\github\ppm_inversion\ppm_inversion_proj\x64\debug\project1.tlog\link.read.1.tlog
c:\users\ul882\documents\github\ppm_inversion\ppm_inversion_proj\x64\debug\project1.tlog\link.write.1.tlog
